<?xml version="1.0" encoding="UTF-8"?>
<robot generator="Robot 6.1.1 (Python 3.10.7 on win32)" generated="20231120 17:58:38.024" rpa="false" schemaversion="4">
<suite id="s1" name="Robot Test" source="C:\Users\uzene\Documents\GitHub\untitled-converter\robot_test.robot">
<test id="s1-t1" name="1. Open Website Chrome" line="12">
<kw name="Open Browser" library="SeleniumLibrary">
<arg>${url}</arg>
<arg>${Browser}</arg>
<arg>options=add_experimental_option('excludeSwitches', ['enable-logging'])</arg>
<arg>executable_path=${chrome_driver_path}</arg>
<doc>Opens a new browser instance to the optional ``url``.</doc>
<msg timestamp="20231120 17:58:38.514" level="INFO">Opening browser 'Chrome' to base url 'http://localhost:3000'.</msg>
<status status="PASS" starttime="20231120 17:58:38.513" endtime="20231120 17:58:41.025"/>
</kw>
<kw name="Set Selenium Speed" library="SeleniumLibrary">
<arg>0.1</arg>
<doc>Sets the delay that is waited after each Selenium command.</doc>
<status status="PASS" starttime="20231120 17:58:41.027" endtime="20231120 17:58:41.027"/>
</kw>
<status status="PASS" starttime="20231120 17:58:38.512" endtime="20231120 17:58:41.029"/>
</test>
<test id="s1-t2" name="2. Input username and password" line="16">
<kw name="Input Text" library="SeleniumLibrary">
<arg>id=email</arg>
<arg>james.bond@gmail.com</arg>
<doc>Types the given ``text`` into the text field identified by ``locator``.</doc>
<msg timestamp="20231120 17:58:41.036" level="INFO">Typing text 'james.bond@gmail.com' into text field 'id=email'.</msg>
<status status="PASS" starttime="20231120 17:58:41.033" endtime="20231120 17:58:41.559"/>
</kw>
<kw name="Input Text" library="SeleniumLibrary">
<arg>id=password</arg>
<arg>Spectre007</arg>
<doc>Types the given ``text`` into the text field identified by ``locator``.</doc>
<msg timestamp="20231120 17:58:41.561" level="INFO">Typing text 'Spectre007' into text field 'id=password'.</msg>
<status status="PASS" starttime="20231120 17:58:41.560" endtime="20231120 17:58:42.044"/>
</kw>
<status status="PASS" starttime="20231120 17:58:41.032" endtime="20231120 17:58:42.045"/>
</test>
<test id="s1-t3" name="3. Login" line="19">
<kw name="Click Button" library="SeleniumLibrary">
<arg>id=signIn_button</arg>
<doc>Clicks the button identified by ``locator``.</doc>
<msg timestamp="20231120 17:58:42.049" level="INFO">Clicking button 'id=signIn_button'.</msg>
<status status="PASS" starttime="20231120 17:58:42.048" endtime="20231120 17:58:42.685"/>
</kw>
<status status="PASS" starttime="20231120 17:58:42.047" endtime="20231120 17:58:42.685"/>
</test>
<test id="s1-t4" name="4. Go to all currencies page" line="21">
<kw name="Click Button" library="SeleniumLibrary">
<arg>id=allCurrencies_button</arg>
<doc>Clicks the button identified by ``locator``.</doc>
<msg timestamp="20231120 17:58:42.691" level="INFO">Clicking button 'id=allCurrencies_button'.</msg>
<status status="PASS" starttime="20231120 17:58:42.689" endtime="20231120 17:58:43.399"/>
</kw>
<status status="PASS" starttime="20231120 17:58:42.688" endtime="20231120 17:58:43.400"/>
</test>
<test id="s1-t5" name="5.Select a currency to convert" line="23">
<kw name="Click Element" library="SeleniumLibrary">
<arg>xpath=(/html/body/div/div/div/div/div/div)</arg>
<doc>Click the element identified by ``locator``.</doc>
<msg timestamp="20231120 17:58:43.403" level="INFO">Clicking element 'xpath=(/html/body/div/div/div/div/div/div)'.</msg>
<status status="PASS" starttime="20231120 17:58:43.403" endtime="20231120 17:58:45.121"/>
</kw>
<status status="PASS" starttime="20231120 17:58:43.402" endtime="20231120 17:58:45.121"/>
</test>
<test id="s1-t6" name="6. Write currency and convert it" line="26">
<kw name="Input Text" library="SeleniumLibrary">
<arg>id=amount_filed</arg>
<arg>500</arg>
<doc>Types the given ``text`` into the text field identified by ``locator``.</doc>
<msg timestamp="20231120 17:58:45.124" level="INFO">Typing text '500' into text field 'id=amount_filed'.</msg>
<status status="PASS" starttime="20231120 17:58:45.123" endtime="20231120 17:58:45.575"/>
</kw>
<kw name="Click Button" library="SeleniumLibrary">
<arg>id=convert_button</arg>
<doc>Clicks the button identified by ``locator``.</doc>
<msg timestamp="20231120 17:58:45.577" level="INFO">Clicking button 'id=convert_button'.</msg>
<status status="PASS" starttime="20231120 17:58:45.576" endtime="20231120 17:58:46.187"/>
</kw>
<status status="PASS" starttime="20231120 17:58:45.123" endtime="20231120 17:58:46.187"/>
</test>
<test id="s1-t7" name="7. Login out" line="29">
<kw name="Click Button" library="SeleniumLibrary">
<arg>id=logout_button</arg>
<doc>Clicks the button identified by ``locator``.</doc>
<msg timestamp="20231120 17:58:46.190" level="INFO">Clicking button 'id=logout_button'.</msg>
<status status="PASS" starttime="20231120 17:58:46.190" endtime="20231120 17:58:46.877"/>
</kw>
<status status="PASS" starttime="20231120 17:58:46.189" endtime="20231120 17:58:46.878"/>
</test>
<test id="s1-t8" name="8. close Browser" line="31">
<kw name="Close Browser" library="SeleniumLibrary">
<doc>Closes the current browser.</doc>
<status status="PASS" starttime="20231120 17:58:46.882" endtime="20231120 17:58:49.224"/>
</kw>
<status status="PASS" starttime="20231120 17:58:46.881" endtime="20231120 17:58:49.225"/>
</test>
<status status="PASS" starttime="20231120 17:58:38.028" endtime="20231120 17:58:49.226"/>
</suite>
<statistics>
<total>
<stat pass="8" fail="0" skip="0">All Tests</stat>
</total>
<tag>
</tag>
<suite>
<stat pass="8" fail="0" skip="0" id="s1" name="Robot Test">Robot Test</stat>
</suite>
</statistics>
<errors>
</errors>
</robot>
